
**** Build of configuration Flash for project proj_lab02b ****

"C:\\ti\\ccsv8\\utils\\bin\\gmake" -k all 
 
Building file: "C:/ti/motorware/motorware_1_01_00_18_PB2/sw/modules/ctrl/src/32b/ctrl.c"
Invoking: C2000 Compiler
"C:/ti/ccsv8/tools/compiler/ti-cgt-c2000_18.1.4.LTS/bin/cl2000" -v28 -ml -mt -O2 --include_path="C:/ti/motorware/motorware_1_01_00_18_PB2/sw/modules/hal/boards/drv8301kit_revD/f28x/f2806x/src/" --include_path="C:/ti/ccsv8/tools/compiler/ti-cgt-c2000_18.1.4.LTS/include" --include_path="C:/ti/motorware/motorware_1_01_00_18_PB2/sw/solutions/instaspin_foc/boards/drv8301kit_revD/f28x/f2806xF/src" --include_path="C:/ti/motorware/motorware_1_01_00_18_PB2" --define=FAST_ROM_V1p6 --define=FLASH -g --diag_warning=225 --display_error_number --preproc_with_compile --preproc_dependency="ctrl.d_raw"  "C:/ti/motorware/motorware_1_01_00_18_PB2/sw/modules/ctrl/src/32b/ctrl.c"
Finished building: "C:/ti/motorware/motorware_1_01_00_18_PB2/sw/modules/ctrl/src/32b/ctrl.c"
 
Building file: "C:/ti/motorware/motorware_1_01_00_18_PB2/sw/drivers/drvic/drv8301/src/32b/f28x/f2806x/drv8301.c"
Invoking: C2000 Compiler
"C:/ti/ccsv8/tools/compiler/ti-cgt-c2000_18.1.4.LTS/bin/cl2000" -v28 -ml -mt -O2 --include_path="C:/ti/motorware/motorware_1_01_00_18_PB2/sw/modules/hal/boards/drv8301kit_revD/f28x/f2806x/src/" --include_path="C:/ti/ccsv8/tools/compiler/ti-cgt-c2000_18.1.4.LTS/include" --include_path="C:/ti/motorware/motorware_1_01_00_18_PB2/sw/solutions/instaspin_foc/boards/drv8301kit_revD/f28x/f2806xF/src" --include_path="C:/ti/motorware/motorware_1_01_00_18_PB2" --define=FAST_ROM_V1p6 --define=FLASH -g --diag_warning=225 --display_error_number --preproc_with_compile --preproc_dependency="drv8301.d_raw"  "C:/ti/motorware/motorware_1_01_00_18_PB2/sw/drivers/drvic/drv8301/src/32b/f28x/f2806x/drv8301.c"
Finished building: "C:/ti/motorware/motorware_1_01_00_18_PB2/sw/drivers/drvic/drv8301/src/32b/f28x/f2806x/drv8301.c"
 
Building file: "C:/ti/motorware/motorware_1_01_00_18_PB2/sw/modules/hal/boards/drv8301kit_revD/f28x/f2806x/src/hal.c"
Invoking: C2000 Compiler
"C:/ti/ccsv8/tools/compiler/ti-cgt-c2000_18.1.4.LTS/bin/cl2000" -v28 -ml -mt -O2 --include_path="C:/ti/motorware/motorware_1_01_00_18_PB2/sw/modules/hal/boards/drv8301kit_revD/f28x/f2806x/src/" --include_path="C:/ti/ccsv8/tools/compiler/ti-cgt-c2000_18.1.4.LTS/include" --include_path="C:/ti/motorware/motorware_1_01_00_18_PB2/sw/solutions/instaspin_foc/boards/drv8301kit_revD/f28x/f2806xF/src" --include_path="C:/ti/motorware/motorware_1_01_00_18_PB2" --define=FAST_ROM_V1p6 --define=FLASH -g --diag_warning=225 --display_error_number --preproc_with_compile --preproc_dependency="hal.d_raw"  "C:/ti/motorware/motorware_1_01_00_18_PB2/sw/modules/hal/boards/drv8301kit_revD/f28x/f2806x/src/hal.c"
Finished building: "C:/ti/motorware/motorware_1_01_00_18_PB2/sw/modules/hal/boards/drv8301kit_revD/f28x/f2806x/src/hal.c"
 
Building file: "C:/ti/motorware/motorware_1_01_00_18_PB2/sw/solutions/instaspin_foc/src/proj_lab02b.c"
Invoking: C2000 Compiler
"C:/ti/ccsv8/tools/compiler/ti-cgt-c2000_18.1.4.LTS/bin/cl2000" -v28 -ml -mt -O2 --include_path="C:/ti/motorware/motorware_1_01_00_18_PB2/sw/modules/hal/boards/drv8301kit_revD/f28x/f2806x/src/" --include_path="C:/ti/ccsv8/tools/compiler/ti-cgt-c2000_18.1.4.LTS/include" --include_path="C:/ti/motorware/motorware_1_01_00_18_PB2/sw/solutions/instaspin_foc/boards/drv8301kit_revD/f28x/f2806xF/src" --include_path="C:/ti/motorware/motorware_1_01_00_18_PB2" --define=FAST_ROM_V1p6 --define=FLASH -g --diag_warning=225 --display_error_number --preproc_with_compile --preproc_dependency="proj_lab02b.d_raw"  "C:/ti/motorware/motorware_1_01_00_18_PB2/sw/solutions/instaspin_foc/src/proj_lab02b.c"
Finished building: "C:/ti/motorware/motorware_1_01_00_18_PB2/sw/solutions/instaspin_foc/src/proj_lab02b.c"
 
Building file: "C:/ti/motorware/motorware_1_01_00_18_PB2/sw/drivers/spi/src/32b/f28x/f2806x/spi.c"
Invoking: C2000 Compiler
"C:/ti/ccsv8/tools/compiler/ti-cgt-c2000_18.1.4.LTS/bin/cl2000" -v28 -ml -mt -O2 --include_path="C:/ti/motorware/motorware_1_01_00_18_PB2/sw/modules/hal/boards/drv8301kit_revD/f28x/f2806x/src/" --include_path="C:/ti/ccsv8/tools/compiler/ti-cgt-c2000_18.1.4.LTS/include" --include_path="C:/ti/motorware/motorware_1_01_00_18_PB2/sw/solutions/instaspin_foc/boards/drv8301kit_revD/f28x/f2806xF/src" --include_path="C:/ti/motorware/motorware_1_01_00_18_PB2" --define=FAST_ROM_V1p6 --define=FLASH -g --diag_warning=225 --display_error_number --preproc_with_compile --preproc_dependency="spi.d_raw"  "C:/ti/motorware/motorware_1_01_00_18_PB2/sw/drivers/spi/src/32b/f28x/f2806x/spi.c"
Finished building: "C:/ti/motorware/motorware_1_01_00_18_PB2/sw/drivers/spi/src/32b/f28x/f2806x/spi.c"
 
Building file: "C:/ti/motorware/motorware_1_01_00_18_PB2/sw/modules/user/src/32b/user.c"
Invoking: C2000 Compiler
"C:/ti/ccsv8/tools/compiler/ti-cgt-c2000_18.1.4.LTS/bin/cl2000" -v28 -ml -mt -O2 --include_path="C:/ti/motorware/motorware_1_01_00_18_PB2/sw/modules/hal/boards/drv8301kit_revD/f28x/f2806x/src/" --include_path="C:/ti/ccsv8/tools/compiler/ti-cgt-c2000_18.1.4.LTS/include" --include_path="C:/ti/motorware/motorware_1_01_00_18_PB2/sw/solutions/instaspin_foc/boards/drv8301kit_revD/f28x/f2806xF/src" --include_path="C:/ti/motorware/motorware_1_01_00_18_PB2" --define=FAST_ROM_V1p6 --define=FLASH -g --diag_warning=225 --display_error_number --preproc_with_compile --preproc_dependency="user.d_raw"  "C:/ti/motorware/motorware_1_01_00_18_PB2/sw/modules/user/src/32b/user.c"
Finished building: "C:/ti/motorware/motorware_1_01_00_18_PB2/sw/modules/user/src/32b/user.c"
 
Building file: "C:/ti/motorware/motorware_1_01_00_18_PB2/sw/drivers/sci/src/32b/f28x/f2806x/sci.c"
Invoking: C2000 Compiler
"C:/ti/ccsv8/tools/compiler/ti-cgt-c2000_18.1.4.LTS/bin/cl2000" -v28 -ml -mt -O2 --include_path="C:/ti/motorware/motorware_1_01_00_18_PB2/sw/modules/hal/boards/drv8301kit_revD/f28x/f2806x/src/" --include_path="C:/ti/ccsv8/tools/compiler/ti-cgt-c2000_18.1.4.LTS/include" --include_path="C:/ti/motorware/motorware_1_01_00_18_PB2/sw/solutions/instaspin_foc/boards/drv8301kit_revD/f28x/f2806xF/src" --include_path="C:/ti/motorware/motorware_1_01_00_18_PB2" --define=FAST_ROM_V1p6 --define=FLASH -g --diag_warning=225 --display_error_number --preproc_with_compile --preproc_dependency="sci.d_raw"  "C:/ti/motorware/motorware_1_01_00_18_PB2/sw/drivers/sci/src/32b/f28x/f2806x/sci.c"
Finished building: "C:/ti/motorware/motorware_1_01_00_18_PB2/sw/drivers/sci/src/32b/f28x/f2806x/sci.c"
 
Building target: "proj_lab02b.out"
Invoking: C2000 Linker
"C:/ti/ccsv8/tools/compiler/ti-cgt-c2000_18.1.4.LTS/bin/cl2000" -v28 -ml -mt -O2 --define=FAST_ROM_V1p6 --define=FLASH -g --diag_warning=225 --display_error_number -z -m"proj_lab02b.map" --stack_size=0x3B0 --warn_sections -i"C:/ti/ccsv8/tools/compiler/ti-cgt-c2000_18.1.4.LTS/lib" -i"C:/ti/ccsv8/tools/compiler/ti-cgt-c2000_18.1.4.LTS/include" --priority --reread_libs --disable_auto_rts --diag_suppress=16002 --xml_link_info="proj_lab02b_linkInfo.xml" --rom_model -o "proj_lab02b.out" -lrts2800_ml.lib "C:/ti/motorware/motorware_1_01_00_18_PB2/sw/modules/fast/lib/32b/f28x/f2806x/2806xRevB_FastSpinROMSymbols.lib" "C:/ti/motorware/motorware_1_01_00_18_PB2/sw/modules/iqmath/lib/f28x/32b/IQmath.lib" "./CodeStartBranch.obj" "./adc.obj" "./clarke.obj" "./clk.obj" "./cpu.obj" "./ctrl.obj" "./drv8301.obj" "./filter_fo.obj" "./flash.obj" "./gpio.obj" "./hal.obj" "./ipark.obj" "./memCopy.obj" "./offset.obj" "./osc.obj" "./park.obj" "./pid.obj" "./pie.obj" "./pll.obj" "./proj_lab02b.obj" "./pwm.obj" "./pwr.obj" "./sci.obj" "./spi.obj" "./svgen.obj" "./timer.obj" "./traj.obj" "./usDelay.obj" "./user.obj" "./wdog.obj" "C:/ti/motorware/motorware_1_01_00_18_PB2/sw/ide/ccs/cmd/f2806x/F28069F.cmd"  
<Linking>
Finished building target: "proj_lab02b.out"
 

**** Build Finished ****
