
**** Build of configuration Release for project proj_lab07 ****

"C:\\ti\\ccsv8\\utils\\bin\\gmake" -k all 
 
Building file: "C:/ti/motorware/motorware_1_01_00_18_PB2/sw/drivers/cpu/src/32b/f28x/f2806x/CodeStartBranch.asm"
Invoking: C2000 Compiler
"C:/ti/ccsv8/tools/compiler/ti-cgt-c2000_18.1.4.LTS/bin/cl2000" -v28 -ml -mt -O2 --include_path="C:/ti/motorware/motorware_1_01_00_18_PB2/sw/modules/hal/boards/drv8301kit_revD/f28x/f2806x/src/" --include_path="C:/ti/ccsv8/tools/compiler/ti-cgt-c2000_18.1.4.LTS/include" --include_path="C:/ti/motorware/motorware_1_01_00_18_PB2/sw/solutions/instaspin_foc/boards/drv8301kit_revD/f28x/f2806xF/src" --include_path="C:/ti/motorware/motorware_1_01_00_18_PB2" -g --define=FAST_ROM_V1p6 --diag_warning=225 --display_error_number --preproc_with_compile --preproc_dependency="CodeStartBranch.d_raw"  "C:/ti/motorware/motorware_1_01_00_18_PB2/sw/drivers/cpu/src/32b/f28x/f2806x/CodeStartBranch.asm"
Finished building: "C:/ti/motorware/motorware_1_01_00_18_PB2/sw/drivers/cpu/src/32b/f28x/f2806x/CodeStartBranch.asm"
 
Building file: "C:/ti/motorware/motorware_1_01_00_18_PB2/sw/drivers/adc/src/32b/f28x/f2806x/adc.c"
Invoking: C2000 Compiler
"C:/ti/ccsv8/tools/compiler/ti-cgt-c2000_18.1.4.LTS/bin/cl2000" -v28 -ml -mt -O2 --include_path="C:/ti/motorware/motorware_1_01_00_18_PB2/sw/modules/hal/boards/drv8301kit_revD/f28x/f2806x/src/" --include_path="C:/ti/ccsv8/tools/compiler/ti-cgt-c2000_18.1.4.LTS/include" --include_path="C:/ti/motorware/motorware_1_01_00_18_PB2/sw/solutions/instaspin_foc/boards/drv8301kit_revD/f28x/f2806xF/src" --include_path="C:/ti/motorware/motorware_1_01_00_18_PB2" -g --define=FAST_ROM_V1p6 --diag_warning=225 --display_error_number --preproc_with_compile --preproc_dependency="adc.d_raw"  "C:/ti/motorware/motorware_1_01_00_18_PB2/sw/drivers/adc/src/32b/f28x/f2806x/adc.c"
Finished building: "C:/ti/motorware/motorware_1_01_00_18_PB2/sw/drivers/adc/src/32b/f28x/f2806x/adc.c"
 
Building file: "C:/ti/motorware/motorware_1_01_00_18_PB2/sw/modules/clarke/src/32b/clarke.c"
Invoking: C2000 Compiler
"C:/ti/ccsv8/tools/compiler/ti-cgt-c2000_18.1.4.LTS/bin/cl2000" -v28 -ml -mt -O2 --include_path="C:/ti/motorware/motorware_1_01_00_18_PB2/sw/modules/hal/boards/drv8301kit_revD/f28x/f2806x/src/" --include_path="C:/ti/ccsv8/tools/compiler/ti-cgt-c2000_18.1.4.LTS/include" --include_path="C:/ti/motorware/motorware_1_01_00_18_PB2/sw/solutions/instaspin_foc/boards/drv8301kit_revD/f28x/f2806xF/src" --include_path="C:/ti/motorware/motorware_1_01_00_18_PB2" -g --define=FAST_ROM_V1p6 --diag_warning=225 --display_error_number --preproc_with_compile --preproc_dependency="clarke.d_raw"  "C:/ti/motorware/motorware_1_01_00_18_PB2/sw/modules/clarke/src/32b/clarke.c"
Finished building: "C:/ti/motorware/motorware_1_01_00_18_PB2/sw/modules/clarke/src/32b/clarke.c"
 
Building file: "C:/ti/motorware/motorware_1_01_00_18_PB2/sw/drivers/clk/src/32b/f28x/f2806x/clk.c"
Invoking: C2000 Compiler
"C:/ti/ccsv8/tools/compiler/ti-cgt-c2000_18.1.4.LTS/bin/cl2000" -v28 -ml -mt -O2 --include_path="C:/ti/motorware/motorware_1_01_00_18_PB2/sw/modules/hal/boards/drv8301kit_revD/f28x/f2806x/src/" --include_path="C:/ti/ccsv8/tools/compiler/ti-cgt-c2000_18.1.4.LTS/include" --include_path="C:/ti/motorware/motorware_1_01_00_18_PB2/sw/solutions/instaspin_foc/boards/drv8301kit_revD/f28x/f2806xF/src" --include_path="C:/ti/motorware/motorware_1_01_00_18_PB2" -g --define=FAST_ROM_V1p6 --diag_warning=225 --display_error_number --preproc_with_compile --preproc_dependency="clk.d_raw"  "C:/ti/motorware/motorware_1_01_00_18_PB2/sw/drivers/clk/src/32b/f28x/f2806x/clk.c"
Finished building: "C:/ti/motorware/motorware_1_01_00_18_PB2/sw/drivers/clk/src/32b/f28x/f2806x/clk.c"
 
Building file: "C:/ti/motorware/motorware_1_01_00_18_PB2/sw/drivers/cpu/src/32b/f28x/f2806x/cpu.c"
Invoking: C2000 Compiler
"C:/ti/ccsv8/tools/compiler/ti-cgt-c2000_18.1.4.LTS/bin/cl2000" -v28 -ml -mt -O2 --include_path="C:/ti/motorware/motorware_1_01_00_18_PB2/sw/modules/hal/boards/drv8301kit_revD/f28x/f2806x/src/" --include_path="C:/ti/ccsv8/tools/compiler/ti-cgt-c2000_18.1.4.LTS/include" --include_path="C:/ti/motorware/motorware_1_01_00_18_PB2/sw/solutions/instaspin_foc/boards/drv8301kit_revD/f28x/f2806xF/src" --include_path="C:/ti/motorware/motorware_1_01_00_18_PB2" -g --define=FAST_ROM_V1p6 --diag_warning=225 --display_error_number --preproc_with_compile --preproc_dependency="cpu.d_raw"  "C:/ti/motorware/motorware_1_01_00_18_PB2/sw/drivers/cpu/src/32b/f28x/f2806x/cpu.c"
Finished building: "C:/ti/motorware/motorware_1_01_00_18_PB2/sw/drivers/cpu/src/32b/f28x/f2806x/cpu.c"
 
Building file: "C:/ti/motorware/motorware_1_01_00_18_PB2/sw/modules/cpu_usage/src/32b/cpu_usage.c"
Invoking: C2000 Compiler
"C:/ti/ccsv8/tools/compiler/ti-cgt-c2000_18.1.4.LTS/bin/cl2000" -v28 -ml -mt -O2 --include_path="C:/ti/motorware/motorware_1_01_00_18_PB2/sw/modules/hal/boards/drv8301kit_revD/f28x/f2806x/src/" --include_path="C:/ti/ccsv8/tools/compiler/ti-cgt-c2000_18.1.4.LTS/include" --include_path="C:/ti/motorware/motorware_1_01_00_18_PB2/sw/solutions/instaspin_foc/boards/drv8301kit_revD/f28x/f2806xF/src" --include_path="C:/ti/motorware/motorware_1_01_00_18_PB2" -g --define=FAST_ROM_V1p6 --diag_warning=225 --display_error_number --preproc_with_compile --preproc_dependency="cpu_usage.d_raw"  "C:/ti/motorware/motorware_1_01_00_18_PB2/sw/modules/cpu_usage/src/32b/cpu_usage.c"
Finished building: "C:/ti/motorware/motorware_1_01_00_18_PB2/sw/modules/cpu_usage/src/32b/cpu_usage.c"
 
Building file: "C:/ti/motorware/motorware_1_01_00_18_PB2/sw/modules/ctrl/src/32b/ctrl.c"
Invoking: C2000 Compiler
"C:/ti/ccsv8/tools/compiler/ti-cgt-c2000_18.1.4.LTS/bin/cl2000" -v28 -ml -mt -O2 --include_path="C:/ti/motorware/motorware_1_01_00_18_PB2/sw/modules/hal/boards/drv8301kit_revD/f28x/f2806x/src/" --include_path="C:/ti/ccsv8/tools/compiler/ti-cgt-c2000_18.1.4.LTS/include" --include_path="C:/ti/motorware/motorware_1_01_00_18_PB2/sw/solutions/instaspin_foc/boards/drv8301kit_revD/f28x/f2806xF/src" --include_path="C:/ti/motorware/motorware_1_01_00_18_PB2" -g --define=FAST_ROM_V1p6 --diag_warning=225 --display_error_number --preproc_with_compile --preproc_dependency="ctrl.d_raw"  "C:/ti/motorware/motorware_1_01_00_18_PB2/sw/modules/ctrl/src/32b/ctrl.c"
Finished building: "C:/ti/motorware/motorware_1_01_00_18_PB2/sw/modules/ctrl/src/32b/ctrl.c"
 
Building file: "C:/ti/motorware/motorware_1_01_00_18_PB2/sw/drivers/drvic/drv8301/src/32b/f28x/f2806x/drv8301.c"
Invoking: C2000 Compiler
"C:/ti/ccsv8/tools/compiler/ti-cgt-c2000_18.1.4.LTS/bin/cl2000" -v28 -ml -mt -O2 --include_path="C:/ti/motorware/motorware_1_01_00_18_PB2/sw/modules/hal/boards/drv8301kit_revD/f28x/f2806x/src/" --include_path="C:/ti/ccsv8/tools/compiler/ti-cgt-c2000_18.1.4.LTS/include" --include_path="C:/ti/motorware/motorware_1_01_00_18_PB2/sw/solutions/instaspin_foc/boards/drv8301kit_revD/f28x/f2806xF/src" --include_path="C:/ti/motorware/motorware_1_01_00_18_PB2" -g --define=FAST_ROM_V1p6 --diag_warning=225 --display_error_number --preproc_with_compile --preproc_dependency="drv8301.d_raw"  "C:/ti/motorware/motorware_1_01_00_18_PB2/sw/drivers/drvic/drv8301/src/32b/f28x/f2806x/drv8301.c"
Finished building: "C:/ti/motorware/motorware_1_01_00_18_PB2/sw/drivers/drvic/drv8301/src/32b/f28x/f2806x/drv8301.c"
 
Building file: "C:/ti/motorware/motorware_1_01_00_18_PB2/sw/modules/fem/src/32b/fem.c"
Invoking: C2000 Compiler
"C:/ti/ccsv8/tools/compiler/ti-cgt-c2000_18.1.4.LTS/bin/cl2000" -v28 -ml -mt -O2 --include_path="C:/ti/motorware/motorware_1_01_00_18_PB2/sw/modules/hal/boards/drv8301kit_revD/f28x/f2806x/src/" --include_path="C:/ti/ccsv8/tools/compiler/ti-cgt-c2000_18.1.4.LTS/include" --include_path="C:/ti/motorware/motorware_1_01_00_18_PB2/sw/solutions/instaspin_foc/boards/drv8301kit_revD/f28x/f2806xF/src" --include_path="C:/ti/motorware/motorware_1_01_00_18_PB2" -g --define=FAST_ROM_V1p6 --diag_warning=225 --display_error_number --preproc_with_compile --preproc_dependency="fem.d_raw"  "C:/ti/motorware/motorware_1_01_00_18_PB2/sw/modules/fem/src/32b/fem.c"
Finished building: "C:/ti/motorware/motorware_1_01_00_18_PB2/sw/modules/fem/src/32b/fem.c"
 
Building file: "C:/ti/motorware/motorware_1_01_00_18_PB2/sw/modules/filter/src/32b/filter_fo.c"
Invoking: C2000 Compiler
"C:/ti/ccsv8/tools/compiler/ti-cgt-c2000_18.1.4.LTS/bin/cl2000" -v28 -ml -mt -O2 --include_path="C:/ti/motorware/motorware_1_01_00_18_PB2/sw/modules/hal/boards/drv8301kit_revD/f28x/f2806x/src/" --include_path="C:/ti/ccsv8/tools/compiler/ti-cgt-c2000_18.1.4.LTS/include" --include_path="C:/ti/motorware/motorware_1_01_00_18_PB2/sw/solutions/instaspin_foc/boards/drv8301kit_revD/f28x/f2806xF/src" --include_path="C:/ti/motorware/motorware_1_01_00_18_PB2" -g --define=FAST_ROM_V1p6 --diag_warning=225 --display_error_number --preproc_with_compile --preproc_dependency="filter_fo.d_raw"  "C:/ti/motorware/motorware_1_01_00_18_PB2/sw/modules/filter/src/32b/filter_fo.c"
Finished building: "C:/ti/motorware/motorware_1_01_00_18_PB2/sw/modules/filter/src/32b/filter_fo.c"
 
Building file: "C:/ti/motorware/motorware_1_01_00_18_PB2/sw/drivers/flash/src/32b/f28x/f2806x/flash.c"
Invoking: C2000 Compiler
"C:/ti/ccsv8/tools/compiler/ti-cgt-c2000_18.1.4.LTS/bin/cl2000" -v28 -ml -mt -O2 --include_path="C:/ti/motorware/motorware_1_01_00_18_PB2/sw/modules/hal/boards/drv8301kit_revD/f28x/f2806x/src/" --include_path="C:/ti/ccsv8/tools/compiler/ti-cgt-c2000_18.1.4.LTS/include" --include_path="C:/ti/motorware/motorware_1_01_00_18_PB2/sw/solutions/instaspin_foc/boards/drv8301kit_revD/f28x/f2806xF/src" --include_path="C:/ti/motorware/motorware_1_01_00_18_PB2" -g --define=FAST_ROM_V1p6 --diag_warning=225 --display_error_number --preproc_with_compile --preproc_dependency="flash.d_raw"  "C:/ti/motorware/motorware_1_01_00_18_PB2/sw/drivers/flash/src/32b/f28x/f2806x/flash.c"
Finished building: "C:/ti/motorware/motorware_1_01_00_18_PB2/sw/drivers/flash/src/32b/f28x/f2806x/flash.c"
 
Building file: "C:/ti/motorware/motorware_1_01_00_18_PB2/sw/drivers/gpio/src/32b/f28x/f2806x/gpio.c"
Invoking: C2000 Compiler
"C:/ti/ccsv8/tools/compiler/ti-cgt-c2000_18.1.4.LTS/bin/cl2000" -v28 -ml -mt -O2 --include_path="C:/ti/motorware/motorware_1_01_00_18_PB2/sw/modules/hal/boards/drv8301kit_revD/f28x/f2806x/src/" --include_path="C:/ti/ccsv8/tools/compiler/ti-cgt-c2000_18.1.4.LTS/include" --include_path="C:/ti/motorware/motorware_1_01_00_18_PB2/sw/solutions/instaspin_foc/boards/drv8301kit_revD/f28x/f2806xF/src" --include_path="C:/ti/motorware/motorware_1_01_00_18_PB2" -g --define=FAST_ROM_V1p6 --diag_warning=225 --display_error_number --preproc_with_compile --preproc_dependency="gpio.d_raw"  "C:/ti/motorware/motorware_1_01_00_18_PB2/sw/drivers/gpio/src/32b/f28x/f2806x/gpio.c"
Finished building: "C:/ti/motorware/motorware_1_01_00_18_PB2/sw/drivers/gpio/src/32b/f28x/f2806x/gpio.c"
 
Building file: "C:/ti/motorware/motorware_1_01_00_18_PB2/sw/modules/hal/boards/drv8301kit_revD/f28x/f2806x/src/hal.c"
Invoking: C2000 Compiler
"C:/ti/ccsv8/tools/compiler/ti-cgt-c2000_18.1.4.LTS/bin/cl2000" -v28 -ml -mt -O2 --include_path="C:/ti/motorware/motorware_1_01_00_18_PB2/sw/modules/hal/boards/drv8301kit_revD/f28x/f2806x/src/" --include_path="C:/ti/ccsv8/tools/compiler/ti-cgt-c2000_18.1.4.LTS/include" --include_path="C:/ti/motorware/motorware_1_01_00_18_PB2/sw/solutions/instaspin_foc/boards/drv8301kit_revD/f28x/f2806xF/src" --include_path="C:/ti/motorware/motorware_1_01_00_18_PB2" -g --define=FAST_ROM_V1p6 --diag_warning=225 --display_error_number --preproc_with_compile --preproc_dependency="hal.d_raw"  "C:/ti/motorware/motorware_1_01_00_18_PB2/sw/modules/hal/boards/drv8301kit_revD/f28x/f2806x/src/hal.c"
Finished building: "C:/ti/motorware/motorware_1_01_00_18_PB2/sw/modules/hal/boards/drv8301kit_revD/f28x/f2806x/src/hal.c"
 
Building file: "C:/ti/motorware/motorware_1_01_00_18_PB2/sw/modules/ipark/src/32b/ipark.c"
Invoking: C2000 Compiler
"C:/ti/ccsv8/tools/compiler/ti-cgt-c2000_18.1.4.LTS/bin/cl2000" -v28 -ml -mt -O2 --include_path="C:/ti/motorware/motorware_1_01_00_18_PB2/sw/modules/hal/boards/drv8301kit_revD/f28x/f2806x/src/" --include_path="C:/ti/ccsv8/tools/compiler/ti-cgt-c2000_18.1.4.LTS/include" --include_path="C:/ti/motorware/motorware_1_01_00_18_PB2/sw/solutions/instaspin_foc/boards/drv8301kit_revD/f28x/f2806xF/src" --include_path="C:/ti/motorware/motorware_1_01_00_18_PB2" -g --define=FAST_ROM_V1p6 --diag_warning=225 --display_error_number --preproc_with_compile --preproc_dependency="ipark.d_raw"  "C:/ti/motorware/motorware_1_01_00_18_PB2/sw/modules/ipark/src/32b/ipark.c"
Finished building: "C:/ti/motorware/motorware_1_01_00_18_PB2/sw/modules/ipark/src/32b/ipark.c"
 
Building file: "C:/ti/motorware/motorware_1_01_00_18_PB2/sw/modules/offset/src/32b/offset.c"
Invoking: C2000 Compiler
"C:/ti/ccsv8/tools/compiler/ti-cgt-c2000_18.1.4.LTS/bin/cl2000" -v28 -ml -mt -O2 --include_path="C:/ti/motorware/motorware_1_01_00_18_PB2/sw/modules/hal/boards/drv8301kit_revD/f28x/f2806x/src/" --include_path="C:/ti/ccsv8/tools/compiler/ti-cgt-c2000_18.1.4.LTS/include" --include_path="C:/ti/motorware/motorware_1_01_00_18_PB2/sw/solutions/instaspin_foc/boards/drv8301kit_revD/f28x/f2806xF/src" --include_path="C:/ti/motorware/motorware_1_01_00_18_PB2" -g --define=FAST_ROM_V1p6 --diag_warning=225 --display_error_number --preproc_with_compile --preproc_dependency="offset.d_raw"  "C:/ti/motorware/motorware_1_01_00_18_PB2/sw/modules/offset/src/32b/offset.c"
Finished building: "C:/ti/motorware/motorware_1_01_00_18_PB2/sw/modules/offset/src/32b/offset.c"
 
Building file: "C:/ti/motorware/motorware_1_01_00_18_PB2/sw/drivers/osc/src/32b/f28x/f2806x/osc.c"
Invoking: C2000 Compiler
"C:/ti/ccsv8/tools/compiler/ti-cgt-c2000_18.1.4.LTS/bin/cl2000" -v28 -ml -mt -O2 --include_path="C:/ti/motorware/motorware_1_01_00_18_PB2/sw/modules/hal/boards/drv8301kit_revD/f28x/f2806x/src/" --include_path="C:/ti/ccsv8/tools/compiler/ti-cgt-c2000_18.1.4.LTS/include" --include_path="C:/ti/motorware/motorware_1_01_00_18_PB2/sw/solutions/instaspin_foc/boards/drv8301kit_revD/f28x/f2806xF/src" --include_path="C:/ti/motorware/motorware_1_01_00_18_PB2" -g --define=FAST_ROM_V1p6 --diag_warning=225 --display_error_number --preproc_with_compile --preproc_dependency="osc.d_raw"  "C:/ti/motorware/motorware_1_01_00_18_PB2/sw/drivers/osc/src/32b/f28x/f2806x/osc.c"
Finished building: "C:/ti/motorware/motorware_1_01_00_18_PB2/sw/drivers/osc/src/32b/f28x/f2806x/osc.c"
 
Building file: "C:/ti/motorware/motorware_1_01_00_18_PB2/sw/modules/park/src/32b/park.c"
Invoking: C2000 Compiler
"C:/ti/ccsv8/tools/compiler/ti-cgt-c2000_18.1.4.LTS/bin/cl2000" -v28 -ml -mt -O2 --include_path="C:/ti/motorware/motorware_1_01_00_18_PB2/sw/modules/hal/boards/drv8301kit_revD/f28x/f2806x/src/" --include_path="C:/ti/ccsv8/tools/compiler/ti-cgt-c2000_18.1.4.LTS/include" --include_path="C:/ti/motorware/motorware_1_01_00_18_PB2/sw/solutions/instaspin_foc/boards/drv8301kit_revD/f28x/f2806xF/src" --include_path="C:/ti/motorware/motorware_1_01_00_18_PB2" -g --define=FAST_ROM_V1p6 --diag_warning=225 --display_error_number --preproc_with_compile --preproc_dependency="park.d_raw"  "C:/ti/motorware/motorware_1_01_00_18_PB2/sw/modules/park/src/32b/park.c"
Finished building: "C:/ti/motorware/motorware_1_01_00_18_PB2/sw/modules/park/src/32b/park.c"
 
Building file: "C:/ti/motorware/motorware_1_01_00_18_PB2/sw/modules/pid/src/32b/pid.c"
Invoking: C2000 Compiler
"C:/ti/ccsv8/tools/compiler/ti-cgt-c2000_18.1.4.LTS/bin/cl2000" -v28 -ml -mt -O2 --include_path="C:/ti/motorware/motorware_1_01_00_18_PB2/sw/modules/hal/boards/drv8301kit_revD/f28x/f2806x/src/" --include_path="C:/ti/ccsv8/tools/compiler/ti-cgt-c2000_18.1.4.LTS/include" --include_path="C:/ti/motorware/motorware_1_01_00_18_PB2/sw/solutions/instaspin_foc/boards/drv8301kit_revD/f28x/f2806xF/src" --include_path="C:/ti/motorware/motorware_1_01_00_18_PB2" -g --define=FAST_ROM_V1p6 --diag_warning=225 --display_error_number --preproc_with_compile --preproc_dependency="pid.d_raw"  "C:/ti/motorware/motorware_1_01_00_18_PB2/sw/modules/pid/src/32b/pid.c"
Finished building: "C:/ti/motorware/motorware_1_01_00_18_PB2/sw/modules/pid/src/32b/pid.c"
 
Building file: "C:/ti/motorware/motorware_1_01_00_18_PB2/sw/drivers/pie/src/32b/f28x/f2806x/pie.c"
Invoking: C2000 Compiler
"C:/ti/ccsv8/tools/compiler/ti-cgt-c2000_18.1.4.LTS/bin/cl2000" -v28 -ml -mt -O2 --include_path="C:/ti/motorware/motorware_1_01_00_18_PB2/sw/modules/hal/boards/drv8301kit_revD/f28x/f2806x/src/" --include_path="C:/ti/ccsv8/tools/compiler/ti-cgt-c2000_18.1.4.LTS/include" --include_path="C:/ti/motorware/motorware_1_01_00_18_PB2/sw/solutions/instaspin_foc/boards/drv8301kit_revD/f28x/f2806xF/src" --include_path="C:/ti/motorware/motorware_1_01_00_18_PB2" -g --define=FAST_ROM_V1p6 --diag_warning=225 --display_error_number --preproc_with_compile --preproc_dependency="pie.d_raw"  "C:/ti/motorware/motorware_1_01_00_18_PB2/sw/drivers/pie/src/32b/f28x/f2806x/pie.c"
Finished building: "C:/ti/motorware/motorware_1_01_00_18_PB2/sw/drivers/pie/src/32b/f28x/f2806x/pie.c"
 
Building file: "C:/ti/motorware/motorware_1_01_00_18_PB2/sw/drivers/pll/src/32b/f28x/f2806x/pll.c"
Invoking: C2000 Compiler
"C:/ti/ccsv8/tools/compiler/ti-cgt-c2000_18.1.4.LTS/bin/cl2000" -v28 -ml -mt -O2 --include_path="C:/ti/motorware/motorware_1_01_00_18_PB2/sw/modules/hal/boards/drv8301kit_revD/f28x/f2806x/src/" --include_path="C:/ti/ccsv8/tools/compiler/ti-cgt-c2000_18.1.4.LTS/include" --include_path="C:/ti/motorware/motorware_1_01_00_18_PB2/sw/solutions/instaspin_foc/boards/drv8301kit_revD/f28x/f2806xF/src" --include_path="C:/ti/motorware/motorware_1_01_00_18_PB2" -g --define=FAST_ROM_V1p6 --diag_warning=225 --display_error_number --preproc_with_compile --preproc_dependency="pll.d_raw"  "C:/ti/motorware/motorware_1_01_00_18_PB2/sw/drivers/pll/src/32b/f28x/f2806x/pll.c"
Finished building: "C:/ti/motorware/motorware_1_01_00_18_PB2/sw/drivers/pll/src/32b/f28x/f2806x/pll.c"
 
Building file: "C:/ti/motorware/motorware_1_01_00_18_PB2/sw/solutions/instaspin_foc/src/proj_lab07.c"
Invoking: C2000 Compiler
"C:/ti/ccsv8/tools/compiler/ti-cgt-c2000_18.1.4.LTS/bin/cl2000" -v28 -ml -mt -O2 --include_path="C:/ti/motorware/motorware_1_01_00_18_PB2/sw/modules/hal/boards/drv8301kit_revD/f28x/f2806x/src/" --include_path="C:/ti/ccsv8/tools/compiler/ti-cgt-c2000_18.1.4.LTS/include" --include_path="C:/ti/motorware/motorware_1_01_00_18_PB2/sw/solutions/instaspin_foc/boards/drv8301kit_revD/f28x/f2806xF/src" --include_path="C:/ti/motorware/motorware_1_01_00_18_PB2" -g --define=FAST_ROM_V1p6 --diag_warning=225 --display_error_number --preproc_with_compile --preproc_dependency="proj_lab07.d_raw"  "C:/ti/motorware/motorware_1_01_00_18_PB2/sw/solutions/instaspin_foc/src/proj_lab07.c"
 
>> Compilation failure
subdir_rules.mk:149: recipe for target 'proj_lab07.obj' failed
"C:/ti/motorware/motorware_1_01_00_18_PB2/sw/solutions/instaspin_foc/src/proj_lab07.c", line 518: error #20: identifier "HAL_Gpio_LED2" is undefined
"C:/ti/motorware/motorware_1_01_00_18_PB2/sw/solutions/instaspin_foc/src/proj_lab07.c", line 532: error #167: too few arguments in function call
2 errors detected in the compilation of "C:/ti/motorware/motorware_1_01_00_18_PB2/sw/solutions/instaspin_foc/src/proj_lab07.c".
gmake: *** [proj_lab07.obj] Error 1
Building file: "C:/ti/motorware/motorware_1_01_00_18_PB2/sw/drivers/pwm/src/32b/f28x/f2806x/pwm.c"
Invoking: C2000 Compiler
"C:/ti/ccsv8/tools/compiler/ti-cgt-c2000_18.1.4.LTS/bin/cl2000" -v28 -ml -mt -O2 --include_path="C:/ti/motorware/motorware_1_01_00_18_PB2/sw/modules/hal/boards/drv8301kit_revD/f28x/f2806x/src/" --include_path="C:/ti/ccsv8/tools/compiler/ti-cgt-c2000_18.1.4.LTS/include" --include_path="C:/ti/motorware/motorware_1_01_00_18_PB2/sw/solutions/instaspin_foc/boards/drv8301kit_revD/f28x/f2806xF/src" --include_path="C:/ti/motorware/motorware_1_01_00_18_PB2" -g --define=FAST_ROM_V1p6 --diag_warning=225 --display_error_number --preproc_with_compile --preproc_dependency="pwm.d_raw"  "C:/ti/motorware/motorware_1_01_00_18_PB2/sw/drivers/pwm/src/32b/f28x/f2806x/pwm.c"
Finished building: "C:/ti/motorware/motorware_1_01_00_18_PB2/sw/drivers/pwm/src/32b/f28x/f2806x/pwm.c"
 
Building file: "C:/ti/motorware/motorware_1_01_00_18_PB2/sw/drivers/pwr/src/32b/f28x/f2806x/pwr.c"
Invoking: C2000 Compiler
"C:/ti/ccsv8/tools/compiler/ti-cgt-c2000_18.1.4.LTS/bin/cl2000" -v28 -ml -mt -O2 --include_path="C:/ti/motorware/motorware_1_01_00_18_PB2/sw/modules/hal/boards/drv8301kit_revD/f28x/f2806x/src/" --include_path="C:/ti/ccsv8/tools/compiler/ti-cgt-c2000_18.1.4.LTS/include" --include_path="C:/ti/motorware/motorware_1_01_00_18_PB2/sw/solutions/instaspin_foc/boards/drv8301kit_revD/f28x/f2806xF/src" --include_path="C:/ti/motorware/motorware_1_01_00_18_PB2" -g --define=FAST_ROM_V1p6 --diag_warning=225 --display_error_number --preproc_with_compile --preproc_dependency="pwr.d_raw"  "C:/ti/motorware/motorware_1_01_00_18_PB2/sw/drivers/pwr/src/32b/f28x/f2806x/pwr.c"
Finished building: "C:/ti/motorware/motorware_1_01_00_18_PB2/sw/drivers/pwr/src/32b/f28x/f2806x/pwr.c"
 
Building file: "C:/ti/motorware/motorware_1_01_00_18_PB2/sw/drivers/spi/src/32b/f28x/f2806x/spi.c"
Invoking: C2000 Compiler
"C:/ti/ccsv8/tools/compiler/ti-cgt-c2000_18.1.4.LTS/bin/cl2000" -v28 -ml -mt -O2 --include_path="C:/ti/motorware/motorware_1_01_00_18_PB2/sw/modules/hal/boards/drv8301kit_revD/f28x/f2806x/src/" --include_path="C:/ti/ccsv8/tools/compiler/ti-cgt-c2000_18.1.4.LTS/include" --include_path="C:/ti/motorware/motorware_1_01_00_18_PB2/sw/solutions/instaspin_foc/boards/drv8301kit_revD/f28x/f2806xF/src" --include_path="C:/ti/motorware/motorware_1_01_00_18_PB2" -g --define=FAST_ROM_V1p6 --diag_warning=225 --display_error_number --preproc_with_compile --preproc_dependency="spi.d_raw"  "C:/ti/motorware/motorware_1_01_00_18_PB2/sw/drivers/spi/src/32b/f28x/f2806x/spi.c"
Finished building: "C:/ti/motorware/motorware_1_01_00_18_PB2/sw/drivers/spi/src/32b/f28x/f2806x/spi.c"
 
Building file: "C:/ti/motorware/motorware_1_01_00_18_PB2/sw/modules/svgen/src/32b/svgen.c"
Invoking: C2000 Compiler
"C:/ti/ccsv8/tools/compiler/ti-cgt-c2000_18.1.4.LTS/bin/cl2000" -v28 -ml -mt -O2 --include_path="C:/ti/motorware/motorware_1_01_00_18_PB2/sw/modules/hal/boards/drv8301kit_revD/f28x/f2806x/src/" --include_path="C:/ti/ccsv8/tools/compiler/ti-cgt-c2000_18.1.4.LTS/include" --include_path="C:/ti/motorware/motorware_1_01_00_18_PB2/sw/solutions/instaspin_foc/boards/drv8301kit_revD/f28x/f2806xF/src" --include_path="C:/ti/motorware/motorware_1_01_00_18_PB2" -g --define=FAST_ROM_V1p6 --diag_warning=225 --display_error_number --preproc_with_compile --preproc_dependency="svgen.d_raw"  "C:/ti/motorware/motorware_1_01_00_18_PB2/sw/modules/svgen/src/32b/svgen.c"
Finished building: "C:/ti/motorware/motorware_1_01_00_18_PB2/sw/modules/svgen/src/32b/svgen.c"
 
Building file: "C:/ti/motorware/motorware_1_01_00_18_PB2/sw/drivers/timer/src/32b/f28x/f2806x/timer.c"
Invoking: C2000 Compiler
"C:/ti/ccsv8/tools/compiler/ti-cgt-c2000_18.1.4.LTS/bin/cl2000" -v28 -ml -mt -O2 --include_path="C:/ti/motorware/motorware_1_01_00_18_PB2/sw/modules/hal/boards/drv8301kit_revD/f28x/f2806x/src/" --include_path="C:/ti/ccsv8/tools/compiler/ti-cgt-c2000_18.1.4.LTS/include" --include_path="C:/ti/motorware/motorware_1_01_00_18_PB2/sw/solutions/instaspin_foc/boards/drv8301kit_revD/f28x/f2806xF/src" --include_path="C:/ti/motorware/motorware_1_01_00_18_PB2" -g --define=FAST_ROM_V1p6 --diag_warning=225 --display_error_number --preproc_with_compile --preproc_dependency="timer.d_raw"  "C:/ti/motorware/motorware_1_01_00_18_PB2/sw/drivers/timer/src/32b/f28x/f2806x/timer.c"
Finished building: "C:/ti/motorware/motorware_1_01_00_18_PB2/sw/drivers/timer/src/32b/f28x/f2806x/timer.c"
 
Building file: "C:/ti/motorware/motorware_1_01_00_18_PB2/sw/modules/traj/src/32b/traj.c"
Invoking: C2000 Compiler
"C:/ti/ccsv8/tools/compiler/ti-cgt-c2000_18.1.4.LTS/bin/cl2000" -v28 -ml -mt -O2 --include_path="C:/ti/motorware/motorware_1_01_00_18_PB2/sw/modules/hal/boards/drv8301kit_revD/f28x/f2806x/src/" --include_path="C:/ti/ccsv8/tools/compiler/ti-cgt-c2000_18.1.4.LTS/include" --include_path="C:/ti/motorware/motorware_1_01_00_18_PB2/sw/solutions/instaspin_foc/boards/drv8301kit_revD/f28x/f2806xF/src" --include_path="C:/ti/motorware/motorware_1_01_00_18_PB2" -g --define=FAST_ROM_V1p6 --diag_warning=225 --display_error_number --preproc_with_compile --preproc_dependency="traj.d_raw"  "C:/ti/motorware/motorware_1_01_00_18_PB2/sw/modules/traj/src/32b/traj.c"
Finished building: "C:/ti/motorware/motorware_1_01_00_18_PB2/sw/modules/traj/src/32b/traj.c"
 
Building file: "C:/ti/motorware/motorware_1_01_00_18_PB2/sw/modules/usDelay/src/32b/f28x/usDelay.asm"
Invoking: C2000 Compiler
"C:/ti/ccsv8/tools/compiler/ti-cgt-c2000_18.1.4.LTS/bin/cl2000" -v28 -ml -mt -O2 --include_path="C:/ti/motorware/motorware_1_01_00_18_PB2/sw/modules/hal/boards/drv8301kit_revD/f28x/f2806x/src/" --include_path="C:/ti/ccsv8/tools/compiler/ti-cgt-c2000_18.1.4.LTS/include" --include_path="C:/ti/motorware/motorware_1_01_00_18_PB2/sw/solutions/instaspin_foc/boards/drv8301kit_revD/f28x/f2806xF/src" --include_path="C:/ti/motorware/motorware_1_01_00_18_PB2" -g --define=FAST_ROM_V1p6 --diag_warning=225 --display_error_number --preproc_with_compile --preproc_dependency="usDelay.d_raw"  "C:/ti/motorware/motorware_1_01_00_18_PB2/sw/modules/usDelay/src/32b/f28x/usDelay.asm"
Finished building: "C:/ti/motorware/motorware_1_01_00_18_PB2/sw/modules/usDelay/src/32b/f28x/usDelay.asm"
 
Building file: "C:/ti/motorware/motorware_1_01_00_18_PB2/sw/modules/user/src/32b/user.c"
Invoking: C2000 Compiler
"C:/ti/ccsv8/tools/compiler/ti-cgt-c2000_18.1.4.LTS/bin/cl2000" -v28 -ml -mt -O2 --include_path="C:/ti/motorware/motorware_1_01_00_18_PB2/sw/modules/hal/boards/drv8301kit_revD/f28x/f2806x/src/" --include_path="C:/ti/ccsv8/tools/compiler/ti-cgt-c2000_18.1.4.LTS/include" --include_path="C:/ti/motorware/motorware_1_01_00_18_PB2/sw/solutions/instaspin_foc/boards/drv8301kit_revD/f28x/f2806xF/src" --include_path="C:/ti/motorware/motorware_1_01_00_18_PB2" -g --define=FAST_ROM_V1p6 --diag_warning=225 --display_error_number --preproc_with_compile --preproc_dependency="user.d_raw"  "C:/ti/motorware/motorware_1_01_00_18_PB2/sw/modules/user/src/32b/user.c"
Finished building: "C:/ti/motorware/motorware_1_01_00_18_PB2/sw/modules/user/src/32b/user.c"
 
Building file: "C:/ti/motorware/motorware_1_01_00_18_PB2/sw/drivers/wdog/src/32b/f28x/f2806x/wdog.c"
Invoking: C2000 Compiler
"C:/ti/ccsv8/tools/compiler/ti-cgt-c2000_18.1.4.LTS/bin/cl2000" -v28 -ml -mt -O2 --include_path="C:/ti/motorware/motorware_1_01_00_18_PB2/sw/modules/hal/boards/drv8301kit_revD/f28x/f2806x/src/" --include_path="C:/ti/ccsv8/tools/compiler/ti-cgt-c2000_18.1.4.LTS/include" --include_path="C:/ti/motorware/motorware_1_01_00_18_PB2/sw/solutions/instaspin_foc/boards/drv8301kit_revD/f28x/f2806xF/src" --include_path="C:/ti/motorware/motorware_1_01_00_18_PB2" -g --define=FAST_ROM_V1p6 --diag_warning=225 --display_error_number --preproc_with_compile --preproc_dependency="wdog.d_raw"  "C:/ti/motorware/motorware_1_01_00_18_PB2/sw/drivers/wdog/src/32b/f28x/f2806x/wdog.c"
Finished building: "C:/ti/motorware/motorware_1_01_00_18_PB2/sw/drivers/wdog/src/32b/f28x/f2806x/wdog.c"
 
gmake: Target 'all' not remade because of errors.

**** Build Finished ****
